  [1m[35m (263.7ms)[0m  [1m[35mCREATE DATABASE "db/songkick_development" ENCODING = 'UTF-8'[0m
  [1m[35m (0.2ms)[0m  [1m[35mCREATE DATABASE "db/songkick_development" ENCODING = 'UTF-8'[0m
  [1m[35m (273.1ms)[0m  [1m[35mCREATE DATABASE "db/songkick_test" ENCODING = 'utf8'[0m
  [1m[35m (72.5ms)[0m  [1m[35mDROP DATABASE IF EXISTS "db/songkick_development"[0m
  [1m[35m (45.8ms)[0m  [1m[35mDROP DATABASE IF EXISTS "db/songkick_test"[0m
  [1m[35m (256.8ms)[0m  [1m[35mCREATE DATABASE "db/songkick_development" ENCODING = 'UTF-8'[0m
  [1m[35m (219.9ms)[0m  [1m[35mCREATE DATABASE "db/songkick_test" ENCODING = 'utf8'[0m
  [1m[35m (0.2ms)[0m  [1m[35mCREATE DATABASE "db/songkick_development" ENCODING = 'UTF-8'[0m
  [1m[35m (0.2ms)[0m  [1m[35mCREATE DATABASE "db/songkick_test" ENCODING = 'utf8'[0m
  [1m[35m (64.3ms)[0m  [1m[35mDROP DATABASE IF EXISTS "db/songkick_development"[0m
  [1m[35m (45.2ms)[0m  [1m[35mDROP DATABASE IF EXISTS "db/songkick_test"[0m
  [1m[35m (249.0ms)[0m  [1m[35mCREATE DATABASE "db/songkick_development" ENCODING = 'UTF-8'[0m
  [1m[35m (220.7ms)[0m  [1m[35mCREATE DATABASE "db/songkick_test" ENCODING = 'utf8'[0m
  [1m[35m (19.3ms)[0m  [1m[35mCREATE TABLE "schema_migrations" ("version" character varying NOT NULL PRIMARY KEY)[0m
  [1m[35m (13.5ms)[0m  [1m[35mCREATE TABLE "ar_internal_metadata" ("key" character varying NOT NULL PRIMARY KEY, "value" character varying, "created_at" timestamp(6) NOT NULL, "updated_at" timestamp(6) NOT NULL)[0m
  [1m[35m (0.2ms)[0m  [1m[34mSELECT pg_try_advisory_lock(4841601772043095815)[0m
  [1m[36mActiveRecord::SchemaMigration Pluck (0.5ms)[0m  [1m[34mSELECT "schema_migrations"."version" FROM "schema_migrations" ORDER BY "schema_migrations"."version" ASC[0m
  [1m[36mActiveRecord::InternalMetadata Load (0.3ms)[0m  [1m[34mSELECT "ar_internal_metadata".* FROM "ar_internal_metadata" WHERE "ar_internal_metadata"."key" = $1 LIMIT $2[0m  [["key", "environment"], ["LIMIT", 1]]
  [1m[36mTRANSACTION (0.1ms)[0m  [1m[35mBEGIN[0m
  [1m[36mActiveRecord::InternalMetadata Create (0.3ms)[0m  [1m[32mINSERT INTO "ar_internal_metadata" ("key", "value", "created_at", "updated_at") VALUES ($1, $2, $3, $4) RETURNING "key"[0m  [["key", "environment"], ["value", "development"], ["created_at", "2022-09-26 17:22:22.806100"], ["updated_at", "2022-09-26 17:22:22.806100"]]
  [1m[36mTRANSACTION (1.7ms)[0m  [1m[35mCOMMIT[0m
  [1m[35m (0.2ms)[0m  [1m[34mSELECT pg_advisory_unlock(4841601772043095815)[0m
  [1m[36mActiveRecord::SchemaMigration Pluck (0.3ms)[0m  [1m[34mSELECT "schema_migrations"."version" FROM "schema_migrations" ORDER BY "schema_migrations"."version" ASC[0m
[ActionDispatch::HostAuthorization::DefaultResponseApp] Blocked host: dev.evanbrown.co.uk
Started GET "/" for 51.148.148.49 at 2022-09-27 11:19:23 +0000
  [1m[36mActiveRecord::SchemaMigration Pluck (0.4ms)[0m  [1m[34mSELECT "schema_migrations"."version" FROM "schema_migrations" ORDER BY "schema_migrations"."version" ASC[0m
Processing by Rails::WelcomeController#index as HTML
  Rendering /home/nortech/.rbenv/versions/3.1.2/lib/ruby/gems/3.1.0/gems/railties-7.0.4/lib/rails/templates/rails/welcome/index.html.erb
  Rendered /home/nortech/.rbenv/versions/3.1.2/lib/ruby/gems/3.1.0/gems/railties-7.0.4/lib/rails/templates/rails/welcome/index.html.erb (Duration: 1.0ms | Allocations: 526)
Completed 200 OK in 5ms (Views: 2.1ms | ActiveRecord: 0.0ms | Allocations: 3572)


Started GET "/" for 51.148.148.49 at 2022-09-27 11:26:18 +0000
Processing by Rails::WelcomeController#index as HTML
  Rendering /home/nortech/.rbenv/versions/3.1.2/lib/ruby/gems/3.1.0/gems/railties-7.0.4/lib/rails/templates/rails/welcome/index.html.erb
  Rendered /home/nortech/.rbenv/versions/3.1.2/lib/ruby/gems/3.1.0/gems/railties-7.0.4/lib/rails/templates/rails/welcome/index.html.erb (Duration: 0.4ms | Allocations: 299)
Completed 200 OK in 2ms (Views: 1.1ms | Allocations: 937)


Started GET "/api-docs" for 51.148.148.49 at 2022-09-27 11:34:34 +0000
  [1m[36mActiveRecord::SchemaMigration Pluck (0.2ms)[0m  [1m[34mSELECT "schema_migrations"."version" FROM "schema_migrations" ORDER BY "schema_migrations"."version" ASC[0m
Started GET "/api-docs/index.html" for 51.148.148.49 at 2022-09-27 11:34:35 +0000
Started GET "/api-docs/swagger-ui-standalone-preset.js" for 51.148.148.49 at 2022-09-27 11:34:35 +0000
Started GET "/api-docs/swagger-ui.css" for 51.148.148.49 at 2022-09-27 11:34:35 +0000
Started GET "/api-docs/swagger-ui-bundle.js" for 51.148.148.49 at 2022-09-27 11:34:35 +0000
Started GET "/api-docs/v1/swagger.yaml" for 51.148.148.49 at 2022-09-27 11:34:35 +0000
  
ActionController::RoutingError (No route matches [GET] "/api-docs/v1/swagger.yaml"):
  
Started GET "/api-docs/favicon-32x32.png" for 51.148.148.49 at 2022-09-27 11:34:35 +0000
Started GET "/api-docs/index.html" for 44.196.175.104 at 2022-09-27 11:34:36 +0000
Started GET "/api-docs/v1/swagger.yaml" for 44.196.175.104 at 2022-09-27 11:34:36 +0000
  
ActionController::RoutingError (No route matches [GET] "/api-docs/v1/swagger.yaml"):
  
DEPRECATION WARNING: ActiveRecord::Base.timestamped_migrations is deprecated and will be removed in Rails 7.1.
Use `ActiveRecord.timestamped_migrations` instead.
 (called from <main> at bin/rails:4)
  [1m[35m (2.3ms)[0m  [1m[35mDROP DATABASE IF EXISTS `dominant_colours`[0m
  [1m[35m (0.1ms)[0m  [1m[35mCREATE DATABASE `dominant_colours` DEFAULT CHARACTER SET `utf8mb4`[0m
  [1m[35m (0.1ms)[0m  [1m[35mCREATE DATABASE `dc_test` DEFAULT CHARACTER SET `utf8mb4`[0m
  [1m[35m (16.7ms)[0m  [1m[35mCREATE TABLE `schema_migrations` (`version` varchar(255) NOT NULL PRIMARY KEY)[0m
  [1m[35m (7.8ms)[0m  [1m[35mCREATE TABLE `ar_internal_metadata` (`key` varchar(255) NOT NULL PRIMARY KEY, `value` varchar(255), `created_at` datetime(6) NOT NULL, `updated_at` datetime(6) NOT NULL)[0m
  [1m[35m (0.1ms)[0m  [1m[34mSELECT GET_LOCK('7756755327057577470', 0)[0m
  [1m[36mActiveRecord::SchemaMigration Pluck (0.1ms)[0m  [1m[34mSELECT `schema_migrations`.`version` FROM `schema_migrations` ORDER BY `schema_migrations`.`version` ASC[0m
  [1m[36mActiveRecord::InternalMetadata Load (0.1ms)[0m  [1m[34mSELECT `ar_internal_metadata`.* FROM `ar_internal_metadata` WHERE `ar_internal_metadata`.`key` = 'environment' LIMIT 1[0m
  [1m[36mTRANSACTION (0.0ms)[0m  [1m[35mBEGIN[0m
  [1m[36mActiveRecord::InternalMetadata Create (0.1ms)[0m  [1m[32mINSERT INTO `ar_internal_metadata` (`key`, `value`, `created_at`, `updated_at`) VALUES ('environment', 'development', '2023-02-11 12:54:53.419978', '2023-02-11 12:54:53.419978')[0m
  [1m[36mTRANSACTION (0.7ms)[0m  [1m[35mCOMMIT[0m
  [1m[35m (0.1ms)[0m  [1m[34mSELECT RELEASE_LOCK('7756755327057577470')[0m
  [1m[36mActiveRecord::SchemaMigration Pluck (0.1ms)[0m  [1m[34mSELECT `schema_migrations`.`version` FROM `schema_migrations` ORDER BY `schema_migrations`.`version` ASC[0m
  [1m[36mActiveRecord::SchemaMigration Pluck (0.1ms)[0m  [1m[34mSELECT `schema_migrations`.`version` FROM `schema_migrations` ORDER BY `schema_migrations`.`version` ASC[0m
  [1m[36mActiveRecord::SchemaMigration Pluck (0.1ms)[0m  [1m[34mSELECT `schema_migrations`.`version` FROM `schema_migrations` ORDER BY `schema_migrations`.`version` ASC[0m
  [1m[35m (21.6ms)[0m  [1m[35mDROP DATABASE IF EXISTS `dominant_colours`[0m
  [1m[35m (2.4ms)[0m  [1m[35mDROP DATABASE IF EXISTS `dc_test`[0m
  [1m[35m (0.1ms)[0m  [1m[35mCREATE DATABASE `dominant_colours` DEFAULT CHARACTER SET `utf8mb4`[0m
  [1m[35m (0.1ms)[0m  [1m[35mCREATE DATABASE `dc_test` DEFAULT CHARACTER SET `utf8mb4`[0m
  [1m[35m (10.4ms)[0m  [1m[35mCREATE TABLE `schema_migrations` (`version` varchar(255) NOT NULL PRIMARY KEY)[0m
  [1m[35m (9.1ms)[0m  [1m[35mCREATE TABLE `ar_internal_metadata` (`key` varchar(255) NOT NULL PRIMARY KEY, `value` varchar(255), `created_at` datetime(6) NOT NULL, `updated_at` datetime(6) NOT NULL)[0m
  [1m[35m (0.3ms)[0m  [1m[34mSELECT GET_LOCK('7756755327057577470', 0)[0m
  [1m[36mActiveRecord::SchemaMigration Pluck (0.5ms)[0m  [1m[34mSELECT `schema_migrations`.`version` FROM `schema_migrations` ORDER BY `schema_migrations`.`version` ASC[0m
Migrating to CreateImages (20230211125548)
  [1m[35m (0.4ms)[0m  [1m[35mCREATE TABLE `images` (`id` false NOT NULL PRIMARY KEY, `uuid` varchar(36) NOT NULL, `elbow_plot` varchar(255), `image` varchar(255), `clustered_image` varchar(255), `rgb_colours` varchar(255), `hex_colours` varchar(255), `num_clusters` int, `created_at` datetime(6) NOT NULL, `updated_at` datetime(6) NOT NULL)[0m
  [1m[35m (0.3ms)[0m  [1m[34mSELECT RELEASE_LOCK('7756755327057577470')[0m
  [1m[36mActiveRecord::SchemaMigration Pluck (0.1ms)[0m  [1m[34mSELECT `schema_migrations`.`version` FROM `schema_migrations` ORDER BY `schema_migrations`.`version` ASC[0m
  [1m[36mActiveRecord::SchemaMigration Pluck (0.1ms)[0m  [1m[34mSELECT `schema_migrations`.`version` FROM `schema_migrations` ORDER BY `schema_migrations`.`version` ASC[0m
  [1m[35m (17.4ms)[0m  [1m[35mDROP DATABASE IF EXISTS `dominant_colours`[0m
  [1m[35m (2.3ms)[0m  [1m[35mDROP DATABASE IF EXISTS `dc_test`[0m
  [1m[35m (0.2ms)[0m  [1m[35mCREATE DATABASE `dominant_colours` DEFAULT CHARACTER SET `utf8mb4`[0m
  [1m[35m (0.1ms)[0m  [1m[35mCREATE DATABASE `dc_test` DEFAULT CHARACTER SET `utf8mb4`[0m
  [1m[35m (10.2ms)[0m  [1m[35mCREATE TABLE `schema_migrations` (`version` varchar(255) NOT NULL PRIMARY KEY)[0m
  [1m[35m (8.7ms)[0m  [1m[35mCREATE TABLE `ar_internal_metadata` (`key` varchar(255) NOT NULL PRIMARY KEY, `value` varchar(255), `created_at` datetime(6) NOT NULL, `updated_at` datetime(6) NOT NULL)[0m
  [1m[35m (0.1ms)[0m  [1m[34mSELECT GET_LOCK('7756755327057577470', 0)[0m
  [1m[36mActiveRecord::SchemaMigration Pluck (0.6ms)[0m  [1m[34mSELECT `schema_migrations`.`version` FROM `schema_migrations` ORDER BY `schema_migrations`.`version` ASC[0m
Migrating to CreateImages (20230211125548)
  [1m[35m (9.4ms)[0m  [1m[35mCREATE TABLE `images` (`uuid` varchar(36) NOT NULL, `elbow_plot` varchar(255), `image` varchar(255), `clustered_image` varchar(255), `rgb_colours` varchar(255), `hex_colours` varchar(255), `num_clusters` int, `created_at` datetime(6) NOT NULL, `updated_at` datetime(6) NOT NULL)[0m
  [1m[36mTRANSACTION (0.1ms)[0m  [1m[35mBEGIN[0m
  [1m[36mActiveRecord::SchemaMigration Create (0.5ms)[0m  [1m[32mINSERT INTO `schema_migrations` (`version`) VALUES ('20230211125548')[0m
  [1m[36mTRANSACTION (1.0ms)[0m  [1m[35mCOMMIT[0m
  [1m[36mActiveRecord::InternalMetadata Load (0.3ms)[0m  [1m[34mSELECT `ar_internal_metadata`.* FROM `ar_internal_metadata` WHERE `ar_internal_metadata`.`key` = 'environment' LIMIT 1[0m
  [1m[36mTRANSACTION (0.1ms)[0m  [1m[35mBEGIN[0m
  [1m[36mActiveRecord::InternalMetadata Create (0.2ms)[0m  [1m[32mINSERT INTO `ar_internal_metadata` (`key`, `value`, `created_at`, `updated_at`) VALUES ('environment', 'development', '2023-02-11 12:59:42.068978', '2023-02-11 12:59:42.068978')[0m
  [1m[36mTRANSACTION (0.9ms)[0m  [1m[35mCOMMIT[0m
  [1m[35m (0.2ms)[0m  [1m[34mSELECT RELEASE_LOCK('7756755327057577470')[0m
  [1m[36mActiveRecord::SchemaMigration Pluck (0.1ms)[0m  [1m[34mSELECT `schema_migrations`.`version` FROM `schema_migrations` ORDER BY `schema_migrations`.`version` ASC[0m
Started GET "/" for 127.0.0.1 at 2023-02-11 14:08:01 +0000
  [1m[36mActiveRecord::SchemaMigration Pluck (0.4ms)[0m  [1m[34mSELECT `schema_migrations`.`version` FROM `schema_migrations` ORDER BY `schema_migrations`.`version` ASC[0m
Processing by Rails::WelcomeController#index as HTML
  Rendering /usr/share/rvm/gems/ruby-3.1.2/gems/railties-7.0.4.2/lib/rails/templates/rails/welcome/index.html.erb
  Rendered /usr/share/rvm/gems/ruby-3.1.2/gems/railties-7.0.4.2/lib/rails/templates/rails/welcome/index.html.erb (Duration: 2.3ms | Allocations: 377)
Completed 200 OK in 13ms (Views: 5.4ms | ActiveRecord: 0.0ms | Allocations: 2278)


Started GET "/v1/api-docs" for 127.0.0.1 at 2023-02-11 14:08:11 +0000
  
ActionController::RoutingError (No route matches [GET] "/v1/api-docs"):
  
Started GET "/favicon.ico" for 127.0.0.1 at 2023-02-11 14:08:11 +0000
  
ActionController::RoutingError (No route matches [GET] "/favicon.ico"):
  
Started GET "/api-docs" for 127.0.0.1 at 2023-02-11 14:08:23 +0000
Started GET "/api-docs/index.html" for 127.0.0.1 at 2023-02-11 14:08:23 +0000
Started GET "/api-docs/swagger-ui.css" for 127.0.0.1 at 2023-02-11 14:08:23 +0000
Started GET "/api-docs/swagger-ui-bundle.js" for 127.0.0.1 at 2023-02-11 14:08:23 +0000
Started GET "/api-docs/swagger-ui-standalone-preset.js" for 127.0.0.1 at 2023-02-11 14:08:23 +0000
Started GET "/api-docs/v1/swagger.json" for 127.0.0.1 at 2023-02-11 14:08:23 +0000
Started GET "/api-docs/favicon-32x32.png" for 127.0.0.1 at 2023-02-11 14:08:23 +0000
  [1m[36mActiveRecord::SchemaMigration Pluck (0.1ms)[0m  [1m[34mSELECT `schema_migrations`.`version` FROM `schema_migrations` ORDER BY `schema_migrations`.`version` ASC[0m
  [1m[36mActiveRecord::InternalMetadata Pluck (0.1ms)[0m  [1m[34mSELECT `ar_internal_metadata`.`value` FROM `ar_internal_metadata` WHERE `ar_internal_metadata`.`key` = 'environment' LIMIT 1[0m
  [1m[36mActiveRecord::SchemaMigration Pluck (0.1ms)[0m  [1m[34mSELECT `schema_migrations`.`version` FROM `schema_migrations` ORDER BY `schema_migrations`.`version` ASC[0m
  [1m[36mActiveRecord::InternalMetadata Pluck (0.0ms)[0m  [1m[34mSELECT `ar_internal_metadata`.`value` FROM `ar_internal_metadata` WHERE `ar_internal_metadata`.`key` = 'environment' LIMIT 1[0m
  [1m[36mActiveRecord::SchemaMigration Pluck (0.0ms)[0m  [1m[34mSELECT `schema_migrations`.`version` FROM `schema_migrations` ORDER BY `schema_migrations`.`version` ASC[0m
  [1m[36mActiveRecord::InternalMetadata Pluck (0.0ms)[0m  [1m[34mSELECT `ar_internal_metadata`.`value` FROM `ar_internal_metadata` WHERE `ar_internal_metadata`.`key` = 'environment' LIMIT 1[0m
  [1m[35m (22.6ms)[0m  [1m[35mDROP DATABASE IF EXISTS `dominant_colours`[0m
  [1m[35m (16.5ms)[0m  [1m[35mDROP DATABASE IF EXISTS `dc_test`[0m
  [1m[35m (0.2ms)[0m  [1m[35mCREATE DATABASE `dominant_colours` DEFAULT CHARACTER SET `utf8mb4`[0m
  [1m[35m (0.1ms)[0m  [1m[35mCREATE DATABASE `dc_test` DEFAULT CHARACTER SET `utf8mb4`[0m
  [1m[35m (8.6ms)[0m  [1m[35mCREATE TABLE `schema_migrations` (`version` varchar(255) NOT NULL PRIMARY KEY)[0m
  [1m[35m (9.5ms)[0m  [1m[35mCREATE TABLE `ar_internal_metadata` (`key` varchar(255) NOT NULL PRIMARY KEY, `value` varchar(255), `created_at` datetime(6) NOT NULL, `updated_at` datetime(6) NOT NULL)[0m
  [1m[35m (0.3ms)[0m  [1m[34mSELECT GET_LOCK('7756755327057577470', 0)[0m
  [1m[36mActiveRecord::SchemaMigration Pluck (0.7ms)[0m  [1m[34mSELECT `schema_migrations`.`version` FROM `schema_migrations` ORDER BY `schema_migrations`.`version` ASC[0m
Migrating to CreateImages (20230211125548)
  [1m[35m (9.4ms)[0m  [1m[35mCREATE TABLE `images` (`id` bigint NOT NULL AUTO_INCREMENT PRIMARY KEY, `elbow_plot` varchar(255), `image` varchar(255), `clustered_image` varchar(255), `rgb_colours` varchar(255), `hex_colours` varchar(255), `num_clusters` int, `created_at` datetime(6) NOT NULL, `updated_at` datetime(6) NOT NULL)[0m
  [1m[36mTRANSACTION (0.2ms)[0m  [1m[35mBEGIN[0m
  [1m[36mActiveRecord::SchemaMigration Create (0.3ms)[0m  [1m[32mINSERT INTO `schema_migrations` (`version`) VALUES ('20230211125548')[0m
  [1m[36mTRANSACTION (1.0ms)[0m  [1m[35mCOMMIT[0m
  [1m[36mActiveRecord::InternalMetadata Load (0.5ms)[0m  [1m[34mSELECT `ar_internal_metadata`.* FROM `ar_internal_metadata` WHERE `ar_internal_metadata`.`key` = 'environment' LIMIT 1[0m
  [1m[36mTRANSACTION (0.1ms)[0m  [1m[35mBEGIN[0m
  [1m[36mActiveRecord::InternalMetadata Create (0.1ms)[0m  [1m[32mINSERT INTO `ar_internal_metadata` (`key`, `value`, `created_at`, `updated_at`) VALUES ('environment', 'development', '2023-02-11 14:27:21.400749', '2023-02-11 14:27:21.400749')[0m
  [1m[36mTRANSACTION (0.8ms)[0m  [1m[35mCOMMIT[0m
  [1m[35m (0.2ms)[0m  [1m[34mSELECT RELEASE_LOCK('7756755327057577470')[0m
  [1m[36mActiveRecord::SchemaMigration Pluck (0.4ms)[0m  [1m[34mSELECT `schema_migrations`.`version` FROM `schema_migrations` ORDER BY `schema_migrations`.`version` ASC[0m
  [1m[36mActiveRecord::SchemaMigration Pluck (0.1ms)[0m  [1m[34mSELECT `schema_migrations`.`version` FROM `schema_migrations` ORDER BY `schema_migrations`.`version` ASC[0m
  [1m[36mActiveRecord::InternalMetadata Pluck (0.1ms)[0m  [1m[34mSELECT `ar_internal_metadata`.`value` FROM `ar_internal_metadata` WHERE `ar_internal_metadata`.`key` = 'environment' LIMIT 1[0m
  [1m[36mActiveRecord::SchemaMigration Pluck (0.0ms)[0m  [1m[34mSELECT `schema_migrations`.`version` FROM `schema_migrations` ORDER BY `schema_migrations`.`version` ASC[0m
  [1m[36mActiveRecord::InternalMetadata Pluck (0.0ms)[0m  [1m[34mSELECT `ar_internal_metadata`.`value` FROM `ar_internal_metadata` WHERE `ar_internal_metadata`.`key` = 'environment' LIMIT 1[0m
  [1m[36mActiveRecord::SchemaMigration Pluck (0.0ms)[0m  [1m[34mSELECT `schema_migrations`.`version` FROM `schema_migrations` ORDER BY `schema_migrations`.`version` ASC[0m
  [1m[36mActiveRecord::InternalMetadata Pluck (0.0ms)[0m  [1m[34mSELECT `ar_internal_metadata`.`value` FROM `ar_internal_metadata` WHERE `ar_internal_metadata`.`key` = 'environment' LIMIT 1[0m
  [1m[35m (16.2ms)[0m  [1m[35mDROP DATABASE IF EXISTS `dominant_colours`[0m
  [1m[35m (14.3ms)[0m  [1m[35mDROP DATABASE IF EXISTS `dc_test`[0m
  [1m[35m (0.2ms)[0m  [1m[35mCREATE DATABASE `dominant_colours` DEFAULT CHARACTER SET `utf8mb4`[0m
  [1m[35m (0.2ms)[0m  [1m[35mCREATE DATABASE `dc_test` DEFAULT CHARACTER SET `utf8mb4`[0m
  [1m[35m (8.6ms)[0m  [1m[35mCREATE TABLE `schema_migrations` (`version` varchar(255) NOT NULL PRIMARY KEY)[0m
  [1m[35m (8.8ms)[0m  [1m[35mCREATE TABLE `ar_internal_metadata` (`key` varchar(255) NOT NULL PRIMARY KEY, `value` varchar(255), `created_at` datetime(6) NOT NULL, `updated_at` datetime(6) NOT NULL)[0m
  [1m[35m (0.2ms)[0m  [1m[34mSELECT GET_LOCK('7756755327057577470', 0)[0m
  [1m[36mActiveRecord::SchemaMigration Pluck (0.9ms)[0m  [1m[34mSELECT `schema_migrations`.`version` FROM `schema_migrations` ORDER BY `schema_migrations`.`version` ASC[0m
Migrating to CreateImages (20230211125548)
  [1m[35m (0.6ms)[0m  [1m[35mCREATE TABLE `images` (`id` true NOT NULL PRIMARY KEY, `elbow_plot` varchar(255), `image` varchar(255), `clustered_image` varchar(255), `rgb_colours` varchar(255), `hex_colours` varchar(255), `num_clusters` int, `created_at` datetime(6) NOT NULL, `updated_at` datetime(6) NOT NULL)[0m
  [1m[35m (0.3ms)[0m  [1m[34mSELECT RELEASE_LOCK('7756755327057577470')[0m
  [1m[36mActiveRecord::SchemaMigration Pluck (0.1ms)[0m  [1m[34mSELECT `schema_migrations`.`version` FROM `schema_migrations` ORDER BY `schema_migrations`.`version` ASC[0m
  [1m[36mActiveRecord::SchemaMigration Pluck (0.0ms)[0m  [1m[34mSELECT `schema_migrations`.`version` FROM `schema_migrations` ORDER BY `schema_migrations`.`version` ASC[0m
  [1m[35m (17.0ms)[0m  [1m[35mDROP DATABASE IF EXISTS `dominant_colours`[0m
  [1m[35m (2.2ms)[0m  [1m[35mDROP DATABASE IF EXISTS `dc_test`[0m
  [1m[35m (0.1ms)[0m  [1m[35mCREATE DATABASE `dominant_colours` DEFAULT CHARACTER SET `utf8mb4`[0m
  [1m[35m (0.1ms)[0m  [1m[35mCREATE DATABASE `dc_test` DEFAULT CHARACTER SET `utf8mb4`[0m
  [1m[35m (7.8ms)[0m  [1m[35mCREATE TABLE `schema_migrations` (`version` varchar(255) NOT NULL PRIMARY KEY)[0m
  [1m[35m (9.5ms)[0m  [1m[35mCREATE TABLE `ar_internal_metadata` (`key` varchar(255) NOT NULL PRIMARY KEY, `value` varchar(255), `created_at` datetime(6) NOT NULL, `updated_at` datetime(6) NOT NULL)[0m
  [1m[35m (0.1ms)[0m  [1m[34mSELECT GET_LOCK('7756755327057577470', 0)[0m
  [1m[36mActiveRecord::SchemaMigration Pluck (0.4ms)[0m  [1m[34mSELECT `schema_migrations`.`version` FROM `schema_migrations` ORDER BY `schema_migrations`.`version` ASC[0m
Migrating to CreateImages (20230211125548)
  [1m[35m (0.2ms)[0m  [1m[34mSELECT RELEASE_LOCK('7756755327057577470')[0m
  [1m[36mActiveRecord::SchemaMigration Pluck (0.1ms)[0m  [1m[34mSELECT `schema_migrations`.`version` FROM `schema_migrations` ORDER BY `schema_migrations`.`version` ASC[0m
  [1m[36mActiveRecord::SchemaMigration Pluck (0.1ms)[0m  [1m[34mSELECT `schema_migrations`.`version` FROM `schema_migrations` ORDER BY `schema_migrations`.`version` ASC[0m
  [1m[35m (19.1ms)[0m  [1m[35mDROP DATABASE IF EXISTS `dominant_colours`[0m
  [1m[35m (2.2ms)[0m  [1m[35mDROP DATABASE IF EXISTS `dc_test`[0m
  [1m[35m (0.1ms)[0m  [1m[35mCREATE DATABASE `dominant_colours` DEFAULT CHARACTER SET `utf8mb4`[0m
  [1m[35m (0.0ms)[0m  [1m[35mCREATE DATABASE `dc_test` DEFAULT CHARACTER SET `utf8mb4`[0m
  [1m[35m (7.9ms)[0m  [1m[35mCREATE TABLE `schema_migrations` (`version` varchar(255) NOT NULL PRIMARY KEY)[0m
  [1m[35m (8.4ms)[0m  [1m[35mCREATE TABLE `ar_internal_metadata` (`key` varchar(255) NOT NULL PRIMARY KEY, `value` varchar(255), `created_at` datetime(6) NOT NULL, `updated_at` datetime(6) NOT NULL)[0m
  [1m[35m (0.1ms)[0m  [1m[34mSELECT GET_LOCK('7756755327057577470', 0)[0m
  [1m[36mActiveRecord::SchemaMigration Pluck (0.7ms)[0m  [1m[34mSELECT `schema_migrations`.`version` FROM `schema_migrations` ORDER BY `schema_migrations`.`version` ASC[0m
Migrating to CreateImages (20230211125548)
  [1m[35m (9.6ms)[0m  [1m[35mCREATE TABLE `images` (`id` bigint NOT NULL AUTO_INCREMENT PRIMARY KEY, `elbow_plot` varchar(255), `image` varchar(255), `clustered_image` varchar(255), `rgb_colours` varchar(255), `hex_colours` varchar(255), `num_clusters` int, `created_at` datetime(6) NOT NULL, `updated_at` datetime(6) NOT NULL)[0m
  [1m[36mTRANSACTION (0.2ms)[0m  [1m[35mBEGIN[0m
  [1m[36mActiveRecord::SchemaMigration Create (0.3ms)[0m  [1m[32mINSERT INTO `schema_migrations` (`version`) VALUES ('20230211125548')[0m
  [1m[36mTRANSACTION (1.0ms)[0m  [1m[35mCOMMIT[0m
  [1m[36mActiveRecord::InternalMetadata Load (0.4ms)[0m  [1m[34mSELECT `ar_internal_metadata`.* FROM `ar_internal_metadata` WHERE `ar_internal_metadata`.`key` = 'environment' LIMIT 1[0m
  [1m[36mTRANSACTION (0.1ms)[0m  [1m[35mBEGIN[0m
  [1m[36mActiveRecord::InternalMetadata Create (0.1ms)[0m  [1m[32mINSERT INTO `ar_internal_metadata` (`key`, `value`, `created_at`, `updated_at`) VALUES ('environment', 'development', '2023-02-11 14:34:51.552987', '2023-02-11 14:34:51.552987')[0m
  [1m[36mTRANSACTION (0.8ms)[0m  [1m[35mCOMMIT[0m
  [1m[35m (0.1ms)[0m  [1m[34mSELECT RELEASE_LOCK('7756755327057577470')[0m
  [1m[36mActiveRecord::SchemaMigration Pluck (0.2ms)[0m  [1m[34mSELECT `schema_migrations`.`version` FROM `schema_migrations` ORDER BY `schema_migrations`.`version` ASC[0m
